Android-GifStitch-master/app/build/outputs/logs/manifest-merger-debug-report.txt
-- Merging decision tree log ---
manifest
ADDED from src/main/AndroidManifest.xml:2:1-25:12
	package
		ADDED from src/main/AndroidManifest.xml:3:7-40
		INJECTED from src/main/AndroidManifest.xml
		INJECTED from src/main/AndroidManifest.xml
	android:versionName
		ADDED from src/main/AndroidManifest.xml:4:7-34
		INJECTED from src/main/AndroidManifest.xml
		INJECTED from src/main/AndroidManifest.xml
	android:versionCode
		ADDED from src/main/AndroidManifest.xml:4:35-58
		INJECTED from src/main/AndroidManifest.xml
		INJECTED from src/main/AndroidManifest.xml
	xmlns:android
		ADDED from src/main/AndroidManifest.xml:2:11-69
uses-sdk
ADDED from src/main/AndroidManifest.xml:5:5-73
	android:targetSdkVersion
		ADDED from src/main/AndroidManifest.xml:5:15-44
		INJECTED from src/main/AndroidManifest.xml
		INJECTED from src/main/AndroidManifest.xml
	android:minSdkVersion
		ADDED from src/main/AndroidManifest.xml:5:45-71
		INJECTED from src/main/AndroidManifest.xml
		INJECTED from src/main/AndroidManifest.xml
uses-permission#android.permission.WRITE_EXTERNAL_STORAGE
ADDED from src/main/AndroidManifest.xml:6:5-97
	android:name
		ADDED from src/main/AndroidManifest.xml:6:22-78
uses-permission#android.permission.CAMERA
ADDED from src/main/AndroidManifest.xml:7:5-81
	android:name
		ADDED from src/main/AndroidManifest.xml:7:22-62
uses-feature#android.hardware.camera
ADDED from src/main/AndroidManifest.xml:8:5-60
	android:name
		ADDED from src/main/AndroidManifest.xml:8:19-57
uses-feature#android.hardware.camera.autofocus
ADDED from src/main/AndroidManifest.xml:9:3-68
	android:name
		ADDED from src/main/AndroidManifest.xml:9:17-65
uses-permission#android.permission.INTERNET
ADDED from src/main/AndroidManifest.xml:10:3-81
	android:name
		ADDED from src/main/AndroidManifest.xml:10:20-62
application
ADDED from src/main/AndroidManifest.xml:12:5-24:19
	android:label
		ADDED from src/main/AndroidManifest.xml:12:18-50
	android:debuggable
		ADDED from src/main/AndroidManifest.xml:12:182-208
	android:icon
		ADDED from src/main/AndroidManifest.xml:12:116-152
	android:theme
		ADDED from src/main/AndroidManifest.xml:12:51-115
	android:name
		ADDED from src/main/AndroidManifest.xml:12:153-181
activity#com.phunkosis.gifstitch.HomeGalleryActivity
ADDED from src/main/AndroidManifest.xml:13:9-18:20
	android:label
		ADDED from src/main/AndroidManifest.xml:13:19-51
	android:name
		ADDED from src/main/AndroidManifest.xml:13:52-86
intent-filter#android.intent.action.MAIN+android.intent.category.LAUNCHER
ADDED from src/main/AndroidManifest.xml:14:13-17:29
action#android.intent.action.MAIN
ADDED from src/main/AndroidManifest.xml:15:17-69
	android:name
		ADDED from src/main/AndroidManifest.xml:15:25-66
category#android.intent.category.LAUNCHER
ADDED from src/main/AndroidManifest.xml:16:17-77
	android:name
		ADDED from src/main/AndroidManifest.xml:16:27-74
activity#com.phunkosis.gifstitch.BrowseGifsActivity
ADDED from src/main/AndroidManifest.xml:19:9-64
	android:name
		ADDED from src/main/AndroidManifest.xml:19:19-52
activity#com.phunkosis.gifstitch.ViewGifActivity
ADDED from src/main/AndroidManifest.xml:20:9-62
	android:name
		ADDED from src/main/AndroidManifest.xml:20:19-50
activity#com.phunkosis.gifstitch.GatherFramesActivity
ADDED from src/main/AndroidManifest.xml:21:9-67
	android:name
		ADDED from src/main/AndroidManifest.xml:21:19-55
activity#com.phunkosis.gifstitch.PreviewActivity
ADDED from src/main/AndroidManifest.xml:23:9-61
	android:name
		ADDED from src/main/AndroidManifest.xml:23:19-49